<!DOCTYPE html PUBLIC "-//W3C//DTD XHTML 1.1//EN" "https://www.w3.org/TR/xhtml11/DTD/xhtml11.dtd">
<html xmlns="https://www.w3.org/1999/xhtml">
<head>
<meta http-equiv="content-type" content="text/html; charset=UTF-8"/>
<title>TestNG Report</title>
<style type="text/css">table {margin-bottom:10px;border-collapse:collapse;empty-cells:show}th,td {border:1px solid #009;padding:.25em .5em}th {vertical-align:bottom}td {vertical-align:top}table a {font-weight:bold}.stripe td {background-color: #E6EBF9}.num {text-align:right}.passedodd td {background-color: #3F3}.passedeven td {background-color: #0A0}.skippedodd td {background-color: #DDD}.skippedeven td {background-color: #CCC}.failedodd td,.attn {background-color: #F33}.failedeven td,.stripe .attn {background-color: #D00}.stacktrace {white-space:pre;font-family:monospace}.totop {font-size:85%;text-align:center;border-bottom:2px solid #000}.invisible {display:none}</style>
</head>
<body>
<table>
<tr><th>Test</th><th># Passed</th><th># Skipped</th><th># Retried</th><th># Failed</th><th>Time (ms)</th><th>Included Groups</th><th>Excluded Groups</th></tr>
<tr><th colspan="8">Suite</th></tr>
<tr><td><a href="#t0">Test</a></td><td class="num">3</td><td class="num">0</td><td class="num">0</td><td class="num attn">6</td><td class="num">100,796</td><td></td><td></td></tr>
</table>
<table id='summary'><thead><tr><th>Class</th><th>Method</th><th>Start</th><th>Time (ms)</th></tr></thead><tbody><tr><th colspan="4">Suite</th></tr></tbody><tbody id="t0"><tr><th colspan="4">Test &#8212; failed</th></tr><tr class="failedeven"><td rowspan="1">testCases.TC1_SizeFilteration_1</td><td><a href="#m0">sizeFilteration1</a></td><td rowspan="1">1753799509107</td><td rowspan="1">1223</td></tr><tr class="failedodd"><td rowspan="1">testCases.TC2_SizeFilteration_2</td><td><a href="#m1">sizeFinteration2</a></td><td rowspan="1">1753799489833</td><td rowspan="1">3185</td></tr><tr class="failedeven"><td rowspan="1">testCases.TC4_AddToCart_1</td><td><a href="#m2">addToCart</a></td><td rowspan="1">1753799443794</td><td rowspan="1">101</td></tr><tr class="failedodd"><td rowspan="1">testCases.TC6_AddToCart_3</td><td><a href="#m3">addToCart</a></td><td rowspan="1">1753799471983</td><td rowspan="1">86</td></tr><tr class="failedeven"><td rowspan="1">testCases.TC8_CheckOutProduct</td><td><a href="#m4">checkOutPrduct</a></td><td rowspan="1">1753799451306</td><td rowspan="1">2134</td></tr><tr class="failedodd"><td rowspan="1">testCases.TC9_FilterFreeShippingProducts</td><td><a href="#m5">filterFreeShippinProducts</a></td><td rowspan="1">1753799497338</td><td rowspan="1">3</td></tr><tr><th colspan="4">Test &#8212; passed</th></tr><tr class="passedeven"><td rowspan="1">testCases.TC3_SizeFilteration_3</td><td><a href="#m6">sizeFilteratin3</a></td><td rowspan="1">1753799429285</td><td rowspan="1">3496</td></tr><tr class="passedodd"><td rowspan="1">testCases.TC5_AddToCart_2</td><td><a href="#m7">addToCart</a></td><td rowspan="1">1753799479370</td><td rowspan="1">3262</td></tr><tr class="passedeven"><td rowspan="1">testCases.TC7_AddToCart_4</td><td><a href="#m8">addToCart</a></td><td rowspan="1">1753799459980</td><td rowspan="1">3408</td></tr></tbody>
</table>
<h2>Test</h2><h3 id="m0">testCases.TC1_SizeFilteration_1#sizeFilteration1</h3><table class="result"><tr><th>Exception</th></tr><tr><td><div class="stacktrace">java.lang.AssertionError: expected [10] but found [16]
	at testCases.TC1_SizeFilteration_1.sizeFilteration1(TC1_SizeFilteration_1.java:23)
	at java.base/java.util.ArrayList.forEach(ArrayList.java:1596)
... Removed 32 stack frames</div></td></tr></table><p class="totop"><a href="#summary">back to summary</a></p>
<h3 id="m1">testCases.TC2_SizeFilteration_2#sizeFinteration2</h3><table class="result"><tr><th>Exception</th></tr><tr><td><div class="stacktrace">java.lang.AssertionError: expected [12] but found [2]
	at testCases.TC2_SizeFilteration_2.sizeFinteration2(TC2_SizeFilteration_2.java:25)
	at java.base/java.util.ArrayList.forEach(ArrayList.java:1596)
... Removed 32 stack frames</div></td></tr></table><p class="totop"><a href="#summary">back to summary</a></p>
<h3 id="m2">testCases.TC4_AddToCart_1#addToCart</h3><table class="result"><tr><th>Exception</th></tr><tr><td><div class="stacktrace">java.lang.AssertionError: expected [Blue T-Shirt] but found []
	at testCases.TC4_AddToCart_1.addToCart(TC4_AddToCart_1.java:26)
	at java.base/java.util.ArrayList.forEach(ArrayList.java:1596)
... Removed 31 stack frames</div></td></tr></table><p class="totop"><a href="#summary">back to summary</a></p>
<h3 id="m3">testCases.TC6_AddToCart_3#addToCart</h3><table class="result"><tr><th>Exception</th></tr><tr><td><div class="stacktrace">java.lang.StringIndexOutOfBoundsException: Range [2, 0) out of bounds for length 0
	at java.base/jdk.internal.util.Preconditions$1.apply(Preconditions.java:55)
	at java.base/jdk.internal.util.Preconditions$1.apply(Preconditions.java:52)
	at java.base/jdk.internal.util.Preconditions$4.apply(Preconditions.java:213)
	at java.base/jdk.internal.util.Preconditions$4.apply(Preconditions.java:210)
	at java.base/jdk.internal.util.Preconditions.outOfBounds(Preconditions.java:98)
	at java.base/jdk.internal.util.Preconditions.outOfBoundsCheckFromToIndex(Preconditions.java:112)
	at java.base/jdk.internal.util.Preconditions.checkFromToIndex(Preconditions.java:349)
	at java.base/java.lang.String.checkBoundsBeginEnd(String.java:4861)
	at java.base/java.lang.String.substring(String.java:2830)
	at java.base/java.lang.String.substring(String.java:2803)
	at pageObjects.CartPage_POM.returnCartTotalPirce(CartPage_POM.java:48)
	at testCases.TC6_AddToCart_3.addToCart(TC6_AddToCart_3.java:23)
	at java.base/java.util.ArrayList.forEach(ArrayList.java:1596)
... Removed 25 stack frames</div></td></tr></table><p class="totop"><a href="#summary">back to summary</a></p>
<h3 id="m4">testCases.TC8_CheckOutProduct#checkOutPrduct</h3><table class="result"><tr><th>Exception</th></tr><tr><td><div class="stacktrace">org.openqa.selenium.NoAlertPresentException: no such alert
  (Session info: chrome=138.0.7204.169)
Build info: version: &apos;4.27.0&apos;, revision: &apos;d6e718d134&apos;
System info: os.name: &apos;Windows 11&apos;, os.arch: &apos;amd64&apos;, os.version: &apos;10.0&apos;, java.version: &apos;21&apos;
Driver info: org.openqa.selenium.chrome.ChromeDriver
Command: [42f583143ef449239412883b1cc3268f, getAlertText {}]
Capabilities {acceptInsecureCerts: false, browserName: chrome, browserVersion: 138.0.7204.169, chrome: {chromedriverVersion: 138.0.7204.168 (3e8d82e86e9..., userDataDir: C:\Users\ASUS\AppData\Local...}, fedcm:accounts: true, goog:chromeOptions: {debuggerAddress: localhost:57269}, networkConnectionEnabled: false, pageLoadStrategy: normal, platformName: windows, proxy: Proxy(), se:cdp: ws://localhost:57269/devtoo..., se:cdpVersion: 138.0.7204.169, setWindowRect: true, strictFileInteractability: false, timeouts: {implicit: 0, pageLoad: 300000, script: 30000}, unhandledPromptBehavior: dismiss and notify, webauthn:extension:credBlob: true, webauthn:extension:largeBlob: true, webauthn:extension:minPinLength: true, webauthn:extension:prf: true, webauthn:virtualAuthenticators: true}
Session ID: 42f583143ef449239412883b1cc3268f
	at org.openqa.selenium.remote.ErrorCodec.decode(ErrorCodec.java:167)
	at org.openqa.selenium.remote.codec.w3c.W3CHttpResponseCodec.decode(W3CHttpResponseCodec.java:138)
	at org.openqa.selenium.remote.codec.w3c.W3CHttpResponseCodec.decode(W3CHttpResponseCodec.java:50)
	at org.openqa.selenium.remote.HttpCommandExecutor.execute(HttpCommandExecutor.java:190)
	at org.openqa.selenium.remote.service.DriverCommandExecutor.invokeExecute(DriverCommandExecutor.java:216)
	at org.openqa.selenium.remote.service.DriverCommandExecutor.execute(DriverCommandExecutor.java:174)
	at org.openqa.selenium.remote.RemoteWebDriver.execute(RemoteWebDriver.java:545)
	at org.openqa.selenium.remote.RemoteWebDriver.execute(RemoteWebDriver.java:618)
	at org.openqa.selenium.remote.RemoteWebDriver.execute(RemoteWebDriver.java:622)
	at org.openqa.selenium.remote.RemoteWebDriver$RemoteTargetLocator.alert(RemoteWebDriver.java:1194)
	at testCases.TC8_CheckOutProduct.checkOutPrduct(TC8_CheckOutProduct.java:27)
	at java.base/java.util.ArrayList.forEach(ArrayList.java:1596)
... Removed 28 stack frames</div></td></tr></table><p class="totop"><a href="#summary">back to summary</a></p>
<h3 id="m5">testCases.TC9_FilterFreeShippingProducts#filterFreeShippinProducts</h3><table class="result"><tr><th>Exception</th></tr><tr><td><div class="stacktrace">java.lang.ClassCastException: class jdk.proxy2.$Proxy16 cannot be cast to class org.openqa.selenium.By (jdk.proxy2.$Proxy16 is in module jdk.proxy2 of loader &apos;app&apos;; org.openqa.selenium.By is in unnamed module of loader &apos;app&apos;)
	at pageObjects.ProductsPage_POM.getFreeShippingProducts(ProductsPage_POM.java:55)
	at testCases.TC9_FilterFreeShippingProducts.filterFreeShippinProducts(TC9_FilterFreeShippingProducts.java:22)
	at java.base/java.util.ArrayList.forEach(ArrayList.java:1596)
... Removed 25 stack frames</div></td></tr></table><p class="totop"><a href="#summary">back to summary</a></p>
<h3 id="m6">testCases.TC3_SizeFilteration_3#sizeFilteratin3</h3><table class="result"><tr><th class="invisible"/></tr></table><p class="totop"><a href="#summary">back to summary</a></p>
<h3 id="m7">testCases.TC5_AddToCart_2#addToCart</h3><table class="result"><tr><th class="invisible"/></tr></table><p class="totop"><a href="#summary">back to summary</a></p>
<h3 id="m8">testCases.TC7_AddToCart_4#addToCart</h3><table class="result"><tr><th class="invisible"/></tr></table><p class="totop"><a href="#summary">back to summary</a></p>
</body>
</html>
